<?xml version="1.0" encoding="UTF-8" ?>
<testsuites name="vitest tests" tests="12" failures="0" errors="0" time="3.5983358">
    <testsuite name="src/tests/CRM-Operationnel.test.jsx" timestamp="2026-06-04T11:48:12.240Z" hostname="DESKTOP-08Q0IFA" tests="12" failures="0" errors="0" skipped="0" time="3.5983358">
        <testcase classname="src/tests/CRM-Operationnel.test.jsx" name="T01 — Création d&apos;un projet client &gt; Saisie du nom &quot;Projet Alpha&quot; → dispatch createProjet + toast &quot;Projet créé&quot;" time="0.2185548">
            <system-err>
⚠️ React Router Future Flag Warning: React Router will begin wrapping state updates in `React.startTransition` in v7. You can use the `v7_startTransition` future flag to opt-in early. For more information, see https://reactrouter.com/v6/upgrading/future#v7_starttransition.

⚠️ React Router Future Flag Warning: Relative route resolution within Splat routes is changing in v7. You can use the `v7_relativeSplatPath` future flag to opt-in early. For more information, see https://reactrouter.com/v6/upgrading/future#v7_relativesplatpath.

            </system-err>
        </testcase>
        <testcase classname="src/tests/CRM-Operationnel.test.jsx" name="T02 — Suivi avancement — statut En retard &gt; Projet avec date dépassée affiché avec avancement 40 %" time="0.1680542">
            <system-err>
Warning: An update to ProjetsList inside a test was not wrapped in act(...).

When testing, code that causes React state updates should be wrapped into act(...):

act(() =&gt; {
  /* fire events that update state */
});
/* assert on the output */

This ensures that you&apos;re testing the behavior the user would see in the browser. Learn more at https://reactjs.org/link/wrap-tests-with-act
    at ProjetsList (D:\pfe\pfe2\front\src\modules\crm\ProjetsList.jsx:537:53)
    at Router (D:\pfe\pfe2\front\node_modules\react-router\dist\umd\react-router.development.js:1207:17)
    at MemoryRouter (D:\pfe\pfe2\front\node_modules\react-router\dist\umd\react-router.development.js:1101:7)

            </system-err>
        </testcase>
        <testcase classname="src/tests/CRM-Operationnel.test.jsx" name="T03 — Création d&apos;un produit dans le catalogue &gt; Saisie PRD-009 / Tensiomètre → axios.post appelé + toast &quot;Produit créé&quot;" time="0.1401857">
        </testcase>
        <testcase classname="src/tests/CRM-Operationnel.test.jsx" name="T04 — Consultation catalogue (technicien connecté) &gt; Catalogue visible mais bouton &quot;Nouveau produit&quot; masqué pour le technicien" time="0.5761195">
        </testcase>
        <testcase classname="src/tests/CRM-Operationnel.test.jsx" name="T05 — Alerte stock bas déclenchée &gt; Badge &quot;Faible&quot; visible pour un produit avec Qte = 3 (seuil 5)" time="0.54641">
        </testcase>
        <testcase classname="src/tests/CRM-Operationnel.test.jsx" name="T06 — Création d&apos;une réclamation (admin) &gt; 3 étapes complétées → axios.post + toast &quot;Réclamation enregistrée avec succès&quot;" time="0.62391">
        </testcase>
        <testcase classname="src/tests/CRM-Operationnel.test.jsx" name="T07 — Affectation réclamation à technicien &gt; ClaimDetail REC-001 : bouton &quot;Marquer Résolu&quot; présent pour réclamation ouverte" time="0.0543724">
        </testcase>
        <testcase classname="src/tests/CRM-Operationnel.test.jsx" name="T08 — Création réclamation (secrétaire) &gt; Secrétaire complète le formulaire → toast &quot;Réclamation enregistrée avec succès&quot;" time="0.5491892">
        </testcase>
        <testcase classname="src/tests/CRM-Operationnel.test.jsx" name="T09 — Soumission réclamation (portail client) &gt; Client démarre à l&apos;étape 2 et soumet → toast &quot;Réclamation enregistrée avec succès&quot;" time="0.3194282">
        </testcase>
        <testcase classname="src/tests/CRM-Operationnel.test.jsx" name="T11 — Mise à jour statut réclamation (technicien) &gt; Clic &quot;Marquer Résolu&quot; → api.patch appelé avec statut Résolu" time="0.1124649">
        </testcase>
        <testcase classname="src/tests/CRM-Operationnel.test.jsx" name="T12 — Ajout notes d&apos;intervention (technicien) &gt; REC-003 chargé → onglet Interventions cliqué → &quot;Aucune intervention planifiée&quot; affiché" time="0.2642525">
        </testcase>
        <testcase classname="src/tests/CRM-Operationnel.test.jsx" name="T13 — Gestion des tâches (technicien) &gt; Activité &quot;Planifié&quot; rendue dans la liste + KPI &quot;En cours&quot; visible" time="0.0212684">
            <system-err>
Warning: An update to ActivitesListProMax inside a test was not wrapped in act(...).

When testing, code that causes React state updates should be wrapped into act(...):

act(() =&gt; {
  /* fire events that update state */
});
/* assert on the output */

This ensures that you&apos;re testing the behavior the user would see in the browser. Learn more at https://reactjs.org/link/wrap-tests-with-act
    at ActivitesListProMax (D:\pfe\pfe2\front\src\modules\activities\ActivitesListProMax.jsx:60:61)
    at Router (D:\pfe\pfe2\front\node_modules\react-router\dist\umd\react-router.development.js:1207:17)
    at MemoryRouter (D:\pfe\pfe2\front\node_modules\react-router\dist\umd\react-router.development.js:1101:7)

Warning: An update to ActivitesListProMax inside a test was not wrapped in act(...).

When testing, code that causes React state updates should be wrapped into act(...):

act(() =&gt; {
  /* fire events that update state */
});
/* assert on the output */

This ensures that you&apos;re testing the behavior the user would see in the browser. Learn more at https://reactjs.org/link/wrap-tests-with-act
    at ActivitesListProMax (D:\pfe\pfe2\front\src\modules\activities\ActivitesListProMax.jsx:60:61)
    at Router (D:\pfe\pfe2\front\node_modules\react-router\dist\umd\react-router.development.js:1207:17)
    at MemoryRouter (D:\pfe\pfe2\front\node_modules\react-router\dist\umd\react-router.development.js:1101:7)

Warning: An update to ActivitesListProMax inside a test was not wrapped in act(...).

When testing, code that causes React state updates should be wrapped into act(...):

act(() =&gt; {
  /* fire events that update state */
});
/* assert on the output */

This ensures that you&apos;re testing the behavior the user would see in the browser. Learn more at https://reactjs.org/link/wrap-tests-with-act
    at ActivitesListProMax (D:\pfe\pfe2\front\src\modules\activities\ActivitesListProMax.jsx:60:61)
    at Router (D:\pfe\pfe2\front\node_modules\react-router\dist\umd\react-router.development.js:1207:17)
    at MemoryRouter (D:\pfe\pfe2\front\node_modules\react-router\dist\umd\react-router.development.js:1101:7)

            </system-err>
        </testcase>
    </testsuite>
</testsuites>
