<?xml version="1.0" encoding="UTF-8"?>
<testsuites name="Tests CRM — Nexus" tests="12" failures="0" errors="0" time="12.262">
  <testsuite name="Documents Commerciaux, Règlements &amp; Tableaux de Bord" errors="0" failures="0" skipped="0" timestamp="2026-06-07T18:32:56" time="12.225" tests="12">
    <testcase classname="Documents Commerciaux, Règlements &amp; Tableaux de Bord" name="T20 — Définition objectif commercial → Enregistré et visible dans le tableau de bord" time="0.103">
    </testcase>
    <testcase classname="Documents Commerciaux, Règlements &amp; Tableaux de Bord" name="T21 — Création devis multi-lignes → Total HT calculé, statut « En attente »" time="1.937">
    </testcase>
    <testcase classname="Documents Commerciaux, Règlements &amp; Tableaux de Bord" name="T22 — Conversion devis → BCV généré, lié à la source, aucun stock modifié" time="0.225">
    </testcase>
    <testcase classname="Documents Commerciaux, Règlements &amp; Tableaux de Bord" name="T23 — Validation BLV stock suffisant → Stock décrémenté, stockDecremente = true" time="0.259">
    </testcase>
    <testcase classname="Documents Commerciaux, Règlements &amp; Tableaux de Bord" name="T24 — FAV depuis BLV validé → Validée, stock NON décrémenté une 2ᵉ fois" time="1.837">
    </testcase>
    <testcase classname="Documents Commerciaux, Règlements &amp; Tableaux de Bord" name="T25 — Portail client → Devis, BCV, BLV, Factures accessibles avec statuts" time="0.131">
    </testcase>
    <testcase classname="Documents Commerciaux, Règlements &amp; Tableaux de Bord" name="T26 — Règlement partiel (50 %) → Statut « Partiellement payé »" time="2.535">
    </testcase>
    <testcase classname="Documents Commerciaux, Règlements &amp; Tableaux de Bord" name="T27 — Règlement intégral (100 %) → Statut « Payé »" time="3.234">
    </testcase>
    <testcase classname="Documents Commerciaux, Règlements &amp; Tableaux de Bord" name="T28 — Facture en retard → Identifiée avec ancienneté ≥ 35 jours" time="0.518">
    </testcase>
    <testcase classname="Documents Commerciaux, Règlements &amp; Tableaux de Bord" name="T29 — Export statistiques → Données CA, top clients et top commerciaux disponibles" time="0.086">
    </testcase>
    <testcase classname="Documents Commerciaux, Règlements &amp; Tableaux de Bord" name="T30 — Tableau de bord Admin → Alertes stock rupture et projets en retard" time="0.028">
    </testcase>
    <testcase classname="Documents Commerciaux, Règlements &amp; Tableaux de Bord" name="T31 — Tableau de bord commercial → Taux d&apos;atteinte calculé, progression et alertes" time="0.026">
    </testcase>
  </testsuite>
</testsuites>